<?xml version="1.0" encoding="UTF-8" ?>
<testsuite tests="11" failures="0" name="com.ameya.tests.StringCalculatorTest" time="0.045" errors="0" skipped="0">
  <properties>
    <property name="java.runtime.name" value="Java(TM) SE Runtime Environment"/>
    <property name="java.vm.version" value="11.0.11+9-LTS-194"/>
    <property name="sun.boot.library.path" value="C:\Program Files\Java\jdk-11.0.11\bin"/>
    <property name="maven.multiModuleProjectDirectory" value="C:\work\practice\java\ws\001-TDD"/>
    <property name="java.vm.vendor" value="Oracle Corporation"/>
    <property name="java.vendor.url" value="https://openjdk.java.net/"/>
    <property name="guice.disable.misplaced.annotation.check" value="true"/>
    <property name="path.separator" value=";"/>
    <property name="java.vm.name" value="Java HotSpot(TM) 64-Bit Server VM"/>
    <property name="sun.os.patch.level" value=""/>
    <property name="user.script" value=""/>
    <property name="user.country" value="US"/>
    <property name="sun.java.launcher" value="SUN_STANDARD"/>
    <property name="java.vm.specification.name" value="Java Virtual Machine Specification"/>
    <property name="user.dir" value="C:\work\practice\java\ws\001-TDD"/>
    <property name="java.vm.compressedOopsMode" value="Zero based"/>
    <property name="java.runtime.version" value="11.0.11+9-LTS-194"/>
    <property name="java.awt.graphicsenv" value="sun.awt.Win32GraphicsEnvironment"/>
    <property name="os.arch" value="amd64"/>
    <property name="java.io.tmpdir" value="C:\Users\Ameya\AppData\Local\Temp\"/>
    <property name="line.separator" value="
"/>
    <property name="java.vm.specification.vendor" value="Oracle Corporation"/>
    <property name="user.variant" value=""/>
    <property name="os.name" value="Windows 10"/>
    <property name="classworlds.conf" value="C:\work\apps\apache-maven-3.6.3\bin\..\bin\m2.conf"/>
    <property name="sun.jnu.encoding" value="Cp1252"/>
    <property name="java.library.path" value="C:\Program Files\Java\jdk-11.0.11\bin;C:\WINDOWS\Sun\Java\bin;C:\WINDOWS\system32;C:\WINDOWS;C:\Program Files\Common Files\Oracle\Java\javapath;C:\WINDOWS\system32;C:\WINDOWS;C:\WINDOWS\System32\Wbem;C:\WINDOWS\System32\WindowsPowerShell\v1.0\;C:\WINDOWS\System32\OpenSSH\;C:\Program Files\Java\jdk-11.0.11\bin;C:\Program Files\nodejs\;C:\Program Files\Git\bin;C:\work\apps\apache-maven-3.6.3\bin;C:\Users\Ameya\AppData\Local\Microsoft\WindowsApps;C:\Users\Ameya\AppData\Roaming\npm;."/>
    <property name="maven.conf" value="C:\work\apps\apache-maven-3.6.3\bin\../conf"/>
    <property name="jdk.debug" value="release"/>
    <property name="java.class.version" value="55.0"/>
    <property name="java.specification.name" value="Java Platform API Specification"/>
    <property name="sun.management.compiler" value="HotSpot 64-Bit Tiered Compilers"/>
    <property name="os.version" value="10.0"/>
    <property name="library.jansi.path" value="C:\work\apps\apache-maven-3.6.3\bin\..\lib\jansi-native"/>
    <property name="user.home" value="C:\Users\Ameya"/>
    <property name="user.timezone" value="Asia/Calcutta"/>
    <property name="java.awt.printerjob" value="sun.awt.windows.WPrinterJob"/>
    <property name="file.encoding" value="Cp1252"/>
    <property name="java.specification.version" value="11"/>
    <property name="user.name" value="Ameya"/>
    <property name="java.class.path" value="C:\work\apps\apache-maven-3.6.3\bin\..\boot\plexus-classworlds-2.6.0.jar"/>
    <property name="java.vm.specification.version" value="11"/>
    <property name="sun.arch.data.model" value="64"/>
    <property name="sun.java.command" value="org.codehaus.plexus.classworlds.launcher.Launcher site"/>
    <property name="java.home" value="C:\Program Files\Java\jdk-11.0.11"/>
    <property name="user.language" value="en"/>
    <property name="java.specification.vendor" value="Oracle Corporation"/>
    <property name="awt.toolkit" value="sun.awt.windows.WToolkit"/>
    <property name="java.vm.info" value="mixed mode"/>
    <property name="java.version" value="11.0.11"/>
    <property name="java.vendor" value="Oracle Corporation"/>
    <property name="sun.stderr.encoding" value="cp437"/>
    <property name="maven.home" value="C:\work\apps\apache-maven-3.6.3\bin\.."/>
    <property name="file.separator" value="\"/>
    <property name="java.version.date" value="2021-04-20"/>
    <property name="java.vendor.url.bug" value="https://bugreport.java.com/bugreport/"/>
    <property name="sun.io.unicode.encoding" value="UnicodeLittle"/>
    <property name="sun.cpu.endian" value="little"/>
    <property name="java.vendor.version" value="18.9"/>
    <property name="sun.stdout.encoding" value="cp437"/>
    <property name="sun.desktop" value="windows"/>
    <property name="sun.cpu.isalist" value="amd64"/>
  </properties>
  <testcase classname="com.ameya.tests.StringCalculatorTest" name="when2NumbersAreUsedThenNoExceptionIsThrown" time="0"/>
  <testcase classname="com.ameya.tests.StringCalculatorTest" name="whenTwoNumbersAreUsedThenReturnValueIsTheirSum" time="0"/>
  <testcase classname="com.ameya.tests.StringCalculatorTest" name="whenOneNumberIsUsedThenReturnValueIsThatSameNumber" time="0"/>
  <testcase classname="com.ameya.tests.StringCalculatorTest" name="whenEmptyStringIsUsedThenReturnValueIs0" time="0"/>
  <testcase classname="com.ameya.tests.StringCalculatorTest" name="whenNegativeNumberIsUsedThenRuntimeExceptionIsThrown" time="0.039"/>
  <testcase classname="com.ameya.tests.StringCalculatorTest" name="whenDelimitedIsSpecifiedThenItIsUsedToSeparateNumbers" time="0.001"/>
  <testcase classname="com.ameya.tests.StringCalculatorTest" name="whenNonNumberIsUsedThenExceptionIsThrown" time="0.002"/>
  <testcase classname="com.ameya.tests.StringCalculatorTest" name="whenNewLineIsUsedBetweenNumbersThenReturnValuesAreTheirSums" time="0"/>
  <testcase classname="com.ameya.tests.StringCalculatorTest" name="whenOneOrMoreNumbersAreGreaterThan1000IsUsedThenItIsNotIncludedInSum" time="0"/>
  <testcase classname="com.ameya.tests.StringCalculatorTest" name="whenAnyNumberOfNumbersIsUsedThenReturnValuesAreTheirSums" time="0"/>
  <testcase classname="com.ameya.tests.StringCalculatorTest" name="whenNegativeNumbersAreUsedThenRuntimeExceptionIsThrown" time="0.003"/>
</testsuite>